This is pdfTeX, Version 3.14159265-2.6-1.40.20 (MiKTeX 2.9.7250 64-bit) (preloaded format=pdflatex 2020.1.3)  4 JAN 2020 11:54
entering extended mode
**./Projekt.tex
(Projekt.tex
LaTeX2e <2019-10-01> patch level 3
("C:\Users\damia\AppData\Local\Programs\MiKTeX 2.9\tex/latex/base\report.cls"
Document Class: report 2019/10/25 v1.4k Standard LaTeX document class
("C:\Users\damia\AppData\Local\Programs\MiKTeX 2.9\tex/latex/base\size12.clo"
File: size12.clo 2019/10/25 v1.4k Standard LaTeX file (size option)
)
\c@part=\count80
\c@chapter=\count81
\c@section=\count82
\c@subsection=\count83
\c@subsubsection=\count84
\c@paragraph=\count85
\c@subparagraph=\count86
\c@figure=\count87
\c@table=\count88
\abovecaptionskip=\skip41
\belowcaptionskip=\skip42
\bibindent=\dimen102
) ("C:\Users\damia\AppData\Local\Programs\MiKTeX 2.9\tex/latex/polski\polski.st
y"
Package: polski 2017/05/04 v1.3.4 Polish language package

   Switching to Polish text encoding and Polish maths fonts.
("C:\Users\damia\AppData\Local\Programs\MiKTeX 2.9\tex/latex/base\ot4enc.def"
File: ot4enc.def 2018/08/11 v2.0j Standard LaTeX file
Now handling font encoding OT4 ...
... no UTF-8 mapping file for font encoding OT4
)
LaTeX Font Info:    Trying to load font information for OT4+cmr on input line 3
60.

("C:\Users\damia\AppData\Local\Programs\MiKTeX 2.9\tex/latex/polski\ot4cmr.fd"
File: ot4cmr.fd 2008/02/24 v1.2.1 Font defs for fonts PL (MW)
)
LaTeX Font Info:    Overwriting math alphabet `\mathbf' in version `normal'
(Font)                  OT1/cmr/bx/n --> OT4/cmr/bx/n on input line 360.
LaTeX Font Info:    Overwriting math alphabet `\mathsf' in version `normal'
(Font)                  OT1/cmss/m/n --> OT4/cmss/m/n on input line 360.
LaTeX Font Info:    Overwriting math alphabet `\mathit' in version `normal'
(Font)                  OT1/cmr/m/it --> OT4/cmr/m/it on input line 360.
LaTeX Font Info:    Overwriting math alphabet `\mathtt' in version `normal'
(Font)                  OT1/cmtt/m/n --> OT4/cmtt/m/n on input line 360.
LaTeX Font Info:    Overwriting math alphabet `\mathsf' in version `bold'
(Font)                  OT1/cmss/bx/n --> OT4/cmss/bx/n on input line 360.
LaTeX Font Info:    Overwriting math alphabet `\mathit' in version `bold'
(Font)                  OT1/cmr/bx/it --> OT4/cmr/bx/it on input line 360.
LaTeX Font Info:    Encoding `OT1' has changed to `OT4' for symbol font
(Font)              `operators' in the math version `normal' on input line 360.

LaTeX Font Info:    Overwriting symbol font `operators' in version `normal'
(Font)                  OT1/cmr/m/n --> OT4/cmr/m/n on input line 360.
LaTeX Font Info:    Overwriting symbol font `letters' in version `normal'
(Font)                  OML/cmm/m/it --> OML/plm/m/it on input line 360.
LaTeX Font Info:    Overwriting symbol font `symbols' in version `normal'
(Font)                  OMS/cmsy/m/n --> OMS/plsy/m/n on input line 360.
LaTeX Font Info:    Overwriting symbol font `largesymbols' in version `normal'
(Font)                  OMX/cmex/m/n --> OMX/plex/m/n on input line 360.
LaTeX Font Info:    Encoding `OT1' has changed to `OT4' for symbol font
(Font)              `operators' in the math version `bold' on input line 360.
LaTeX Font Info:    Overwriting symbol font `operators' in version `bold'
(Font)                  OT1/cmr/bx/n --> OT4/cmr/bx/n on input line 360.
LaTeX Font Info:    Overwriting symbol font `letters' in version `bold'
(Font)                  OML/cmm/b/it --> OML/plm/b/it on input line 360.
LaTeX Font Info:    Overwriting symbol font `symbols' in version `bold'
(Font)                  OMS/cmsy/b/n --> OMS/plsy/b/n on input line 360.
) ("C:\Users\damia\AppData\Local\Programs\MiKTeX 2.9\tex/latex/base\inputenc.st
y"
Package: inputenc 2018/08/11 v1.3c Input encoding file
\inpenc@prehook=\toks14
\inpenc@posthook=\toks15
) (Projekt.aux

LaTeX Warning: Label `pa' multiply defined.


LaTeX Warning: Label `pa' multiply defined.


LaTeX Warning: Label `pa' multiply defined.

)
\openout1 = `Projekt.aux'.

LaTeX Font Info:    Checking defaults for OML/cmm/m/it on input line 10.
LaTeX Font Info:    ... okay on input line 10.
LaTeX Font Info:    Checking defaults for T1/cmr/m/n on input line 10.
LaTeX Font Info:    ... okay on input line 10.
LaTeX Font Info:    Checking defaults for OT1/cmr/m/n on input line 10.
LaTeX Font Info:    ... okay on input line 10.
LaTeX Font Info:    Checking defaults for OMS/cmsy/m/n on input line 10.
LaTeX Font Info:    ... okay on input line 10.
LaTeX Font Info:    Checking defaults for OMX/cmex/m/n on input line 10.
LaTeX Font Info:    ... okay on input line 10.
LaTeX Font Info:    Checking defaults for U/cmr/m/n on input line 10.
LaTeX Font Info:    ... okay on input line 10.
LaTeX Font Info:    Checking defaults for OT4/cmr/m/n on input line 10.
LaTeX Font Info:    ... okay on input line 10.
LaTeX Font Info:    Trying to load font information for OML+plm on input line 1
2.
 ("C:\Users\damia\AppData\Local\Programs\MiKTeX 2.9\tex/latex/polski\omlplm.fd"
File: omlplm.fd 2008/02/24 v1.2.1 Font defs for fonts PL (MW)
)
LaTeX Font Info:    Trying to load font information for OMS+plsy on input line 
12.

("C:\Users\damia\AppData\Local\Programs\MiKTeX 2.9\tex/latex/polski\omsplsy.fd"
File: omsplsy.fd 2008/02/24 v1.2.1 Font defs for fonts PL (MW)
)
LaTeX Font Info:    Trying to load font information for OMX+plex on input line 
12.
 ("C:\Users\damia\AppData\Local\Programs\MiKTeX 2.9\tex/latex/polski\omxplex.fd
"
File: omxplex.fd 2008/02/24 v1.2.1 Font defs for fonts PL (MW)
)
LaTeX Font Info:    External font `plex10' loaded for size
(Font)              <14.4> on input line 12.
LaTeX Font Info:    External font `plex10' loaded for size
(Font)              <10> on input line 12.
LaTeX Font Info:    External font `plex10' loaded for size
(Font)              <7> on input line 12.
 [1

{C:/Users/damia/AppData/Local/MiKTeX/2.9/pdftex/config/pdftex.map}]
(Projekt.toc
LaTeX Font Info:    External font `plex10' loaded for size
(Font)              <12> on input line 2.
LaTeX Font Info:    External font `plex10' loaded for size
(Font)              <8> on input line 2.
LaTeX Font Info:    External font `plex10' loaded for size
(Font)              <6> on input line 2.
)
\tf@toc=\write3
\openout3 = `Projekt.toc'.

 [1

]
Rozdzia\PlPrIeC {\l } 1.
[2

]
Underfull \hbox (badness 10000) in paragraph at lines 51--68

 []


Underfull \hbox (badness 10000) in paragraph at lines 51--68

 []


Underfull \hbox (badness 10000) in paragraph at lines 51--68

 []


Underfull \hbox (badness 10000) in paragraph at lines 78--81

 []


Underfull \hbox (badness 10000) in paragraph at lines 78--81

 []

[3]
Underfull \hbox (badness 10000) in paragraph at lines 99--101

 []


Overfull \hbox (14.80762pt too wide) in paragraph at lines 99--101
\OT4/cmr/m/n/12 Przy mi-ni-ma-li-za-cji ogól-nej licz-by nie-re-pre-zen-to-wa-n
ych gªo-sów me-to-da D'Hondta
 []

[4]
Rozdzia\PlPrIeC {\l } 2.
[5

]
Rozdzia\PlPrIeC {\l } 3.
[6

] [7

] (Projekt.aux)

LaTeX Warning: There were multiply-defined labels.

 ) 
Here is how much of TeX's memory you used:
 532 strings out of 492484
 6968 string characters out of 3121602
 69801 words of memory out of 3000000
 4918 multiletter control sequences out of 15000+200000
 14638 words of font info for 41 fonts, out of 3000000 for 9000
 1141 hyphenation exceptions out of 8191
 24i,6n,27p,630b,188s stack positions out of 5000i,500n,10000p,200000b,50000s
{C:/Users/damia/AppData/Local/Programs/MiKTeX 2.9/fonts/enc/dvips/pl/plrm.enc
}{C:/Users/damia/AppData/Local/Programs/MiKTeX 2.9/fonts/enc/dvips/pl/plms.enc}
{C:/Users/damia/AppData/Local/Programs/MiKTeX 2.9/fonts/enc/dvips/pl/plme.enc}{
C:/Users/damia/AppData/Local/Programs/MiKTeX 2.9/fonts/enc/dvips/pl/plmi.enc}{C
:/Users/damia/AppData/Local/Programs/MiKTeX 2.9/fonts/enc/dvips/pl/plit.enc}<C:
/Users/damia/AppData/Local/Programs/MiKTeX 2.9/fonts/type1/public/pl/plbx12.pfb
><C:/Users/damia/AppData/Local/Programs/MiKTeX 2.9/fonts/type1/public/pl/plex10
.pfb><C:/Users/damia/AppData/Local/Programs/MiKTeX 2.9/fonts/type1/public/pl/pl
mi12.pfb><C:/Users/damia/AppData/Local/Programs/MiKTeX 2.9/fonts/type1/public/p
l/plmi6.pfb><C:/Users/damia/AppData/Local/Programs/MiKTeX 2.9/fonts/type1/publi
c/pl/plmi8.pfb><C:/Users/damia/AppData/Local/Programs/MiKTeX 2.9/fonts/type1/pu
blic/pl/plr12.pfb><C:/Users/damia/AppData/Local/Programs/MiKTeX 2.9/fonts/type1
/public/pl/plr17.pfb><C:/Users/damia/AppData/Local/Programs/MiKTeX 2.9/fonts/ty
pe1/public/pl/plr8.pfb><C:/Users/damia/AppData/Local/Programs/MiKTeX 2.9/fonts/
type1/public/pl/plsy10.pfb><C:/Users/damia/AppData/Local/Programs/MiKTeX 2.9/fo
nts/type1/public/pl/plsy8.pfb><C:/Users/damia/AppData/Local/Programs/MiKTeX 2.9
/fonts/type1/public/pl/plti12.pfb>
Output written on Projekt.pdf (8 pages, 85550 bytes).
PDF statistics:
 78 PDF objects out of 1000 (max. 8388607)
 0 named destinations out of 1000 (max. 500000)
 1 words of extra memory for PDF output out of 10000 (max. 10000000)

